<?xml version="1.0" encoding="UTF-8"?>
<testng-results ignored="0" total="1" passed="0" failed="1" skipped="0">
  <reporter-output>
  </reporter-output>
  <suite started-at="2021-11-08T01:44:08 IST" name="Default suite" finished-at="2021-11-08T01:44:47 IST" duration-ms="39061">
    <groups>
    </groups>
    <test started-at="2021-11-08T01:44:08 IST" name="Default test" finished-at="2021-11-08T01:44:47 IST" duration-ms="39061">
      <class name="com.stepdefinitions.SearchWeather">
        <test-method is-config="true" signature="setup()[pri:0, instance:com.stepdefinitions.SearchWeather@3ba9ad43]" started-at="2021-11-08T01:44:08 IST" name="setup" finished-at="2021-11-08T01:44:15 IST" duration-ms="7138" status="PASS">
          <reporter-output>
          </reporter-output>
        </test-method> <!-- setup -->
        <test-method signature="searchweatherReport()[pri:0, instance:com.stepdefinitions.SearchWeather@3ba9ad43]" started-at="2021-11-08T01:44:15 IST" name="searchweatherReport" finished-at="2021-11-08T01:44:46 IST" duration-ms="31625" status="FAIL">
          <exception class="java.lang.ArithmeticException">
            <message>
              <![CDATA[5is larger than the expected difference 4]]>
            </message>
            <full-stacktrace>
              <![CDATA[java.lang.ArithmeticException: 5is larger than the expected difference 4
at com.pages.AfterSearch.validateWeatherDetails(AfterSearch.java:79)
at com.stepdefinitions.SearchWeather.searchweatherReport(SearchWeather.java:23)
at java.base/jdk.internal.reflect.NativeMethodAccessorImpl.invoke0(Native Method)
at java.base/jdk.internal.reflect.NativeMethodAccessorImpl.invoke(NativeMethodAccessorImpl.java:78)
at java.base/jdk.internal.reflect.DelegatingMethodAccessorImpl.invoke(DelegatingMethodAccessorImpl.java:43)
at java.base/java.lang.reflect.Method.invoke(Method.java:567)
at org.testng.internal.MethodInvocationHelper.invokeMethod(MethodInvocationHelper.java:133)
at org.testng.internal.TestInvoker.invokeMethod(TestInvoker.java:598)
at org.testng.internal.TestInvoker.invokeTestMethod(TestInvoker.java:173)
at org.testng.internal.MethodRunner.runInSequence(MethodRunner.java:46)
at org.testng.internal.TestInvoker$MethodInvocationAgent.invoke(TestInvoker.java:824)
at org.testng.internal.TestInvoker.invokeTestMethods(TestInvoker.java:146)
at org.testng.internal.TestMethodWorker.invokeTestMethods(TestMethodWorker.java:146)
at org.testng.internal.TestMethodWorker.run(TestMethodWorker.java:128)
at java.base/java.util.ArrayList.forEach(ArrayList.java:1511)
at org.testng.TestRunner.privateRun(TestRunner.java:794)
at org.testng.TestRunner.run(TestRunner.java:596)
at org.testng.SuiteRunner.runTest(SuiteRunner.java:377)
at org.testng.SuiteRunner.runSequentially(SuiteRunner.java:371)
at org.testng.SuiteRunner.privateRun(SuiteRunner.java:332)
at org.testng.SuiteRunner.run(SuiteRunner.java:276)
at org.testng.SuiteRunnerWorker.runSuite(SuiteRunnerWorker.java:53)
at org.testng.SuiteRunnerWorker.run(SuiteRunnerWorker.java:96)
at org.testng.TestNG.runSuitesSequentially(TestNG.java:1212)
at org.testng.TestNG.runSuitesLocally(TestNG.java:1134)
at org.testng.TestNG.runSuites(TestNG.java:1063)
at org.testng.TestNG.run(TestNG.java:1031)
at org.testng.remote.AbstractRemoteTestNG.run(AbstractRemoteTestNG.java:115)
at org.testng.remote.RemoteTestNG.initAndRun(RemoteTestNG.java:251)
at org.testng.remote.RemoteTestNG.main(RemoteTestNG.java:77)
]]>
            </full-stacktrace>
          </exception> <!-- java.lang.ArithmeticException -->
          <reporter-output>
          </reporter-output>
        </test-method> <!-- searchweatherReport -->
        <test-method is-config="true" signature="teardown()[pri:0, instance:com.stepdefinitions.SearchWeather@3ba9ad43]" started-at="2021-11-08T01:44:46 IST" name="teardown" finished-at="2021-11-08T01:44:47 IST" duration-ms="219" status="PASS">
          <reporter-output>
          </reporter-output>
        </test-method> <!-- teardown -->
      </class> <!-- com.stepdefinitions.SearchWeather -->
    </test> <!-- Default test -->
  </suite> <!-- Default suite -->
</testng-results>
